<?xml version="1.0" encoding="UTF-8"?>
<!-- Generated by org.testng.reporters.JUnitReportReporter -->
<testsuite skipped="0" hostname="USER-PC" name="com.qa.interbanking.testcases.guru99BankingTest" tests="1" failures="0" timestamp="08 Jun 2019 17:00:40 GMT" time="127.025" errors="0">
  <testcase name="bankingTet" time="127.025" classname="com.qa.interbanking.testcases.guru99BankingTest"/>
</testsuite> <!-- com.qa.interbanking.testcases.guru99BankingTest -->
