<?xml version="1.0" encoding="UTF-8"?>
<!-- Generated by org.testng.reporters.JUnitReportReporter -->
<testsuite skipped="0" hostname="USER-PC" name="com.qa.interbanking.testcases.TC_NewCustomerTest_003" tests="1" failures="0" timestamp="11 Jun 2019 16:53:56 GMT" time="49.552" errors="0">
  <testcase name="addNewCustomer" time="49.552" classname="com.qa.interbanking.testcases.TC_NewCustomerTest_003"/>
</testsuite> <!-- com.qa.interbanking.testcases.TC_NewCustomerTest_003 -->
